<?xml version="1.0" encoding="UTF-8"?>
<testng-results ignored="0" total="1" passed="1" failed="0" skipped="0">
  <reporter-output>
  </reporter-output>
  <suite started-at="2022-11-07T11:23:59 CET" name="Default suite" finished-at="2022-11-07T11:24:03 CET" duration-ms="3449">
    <groups>
    </groups>
    <test started-at="2022-11-07T11:23:59 CET" name="Default test" finished-at="2022-11-07T11:24:03 CET" duration-ms="3449">
      <class name="org.selenium.MyFirstTestCase">
        <test-method signature="dummyTest()[pri:0, instance:org.selenium.MyFirstTestCase@6404f418]" started-at="2022-11-07T11:23:59 CET" name="dummyTest" finished-at="2022-11-07T11:24:03 CET" duration-ms="3393" status="PASS">
          <reporter-output>
          </reporter-output>
        </test-method> <!-- dummyTest -->
      </class> <!-- org.selenium.MyFirstTestCase -->
    </test> <!-- Default test -->
  </suite> <!-- Default suite -->
</testng-results>
